<?xml version="1.0" encoding="UTF-8"?>
<testng-results total="1" passed="1" failed="0" skipped="0">
  <reporter-output>
  </reporter-output>
  <suite started-at="2024-04-03T04:28:29Z" name="Default suite" finished-at="2024-04-03T04:28:51Z" duration-ms="22209">
    <groups>
    </groups>
    <test started-at="2024-04-03T04:28:29Z" name="Default test" finished-at="2024-04-03T04:28:51Z" duration-ms="22209">
      <class name="Tests.RandomTest">
        <test-method is-config="true" signature="BeforeMethod()[pri:0, instance:Tests.RandomTest@312aa7c]" started-at="2024-04-02T23:28:29Z" name="BeforeMethod" finished-at="2024-04-02T23:28:32Z" duration-ms="2577" status="PASS">
          <reporter-output>
          </reporter-output>
        </test-method> <!-- BeforeMethod -->
        <test-method signature="blockWeekly()[pri:0, instance:Tests.RandomTest@312aa7c]" started-at="2024-04-02T23:28:32Z" name="blockWeekly" finished-at="2024-04-02T23:28:51Z" duration-ms="19620" status="PASS">
          <reporter-output>
          </reporter-output>
        </test-method> <!-- blockWeekly -->
      </class> <!-- Tests.RandomTest -->
    </test> <!-- Default test -->
  </suite> <!-- Default suite -->
</testng-results>
